Wed Jan  8 02:55:43 PM EET 2025 - Main Menu Started
Wed Jan  8 02:55:44 PM EET 2025 - Connect to Database Option Selected
Wed Jan  8 02:56:18 PM EET 2025 - Connect to Database Option Executed
Wed Jan  8 02:56:18 PM EET 2025 - Main Menu Started
Wed Jan  8 02:56:21 PM EET 2025 - Connect to Database Option Selected
Wed Jan  8 03:00:01 PM EET 2025 - Connect to Database Option Executed
Wed Jan  8 03:00:01 PM EET 2025 - Main Menu Started
Wed Jan  8 03:00:03 PM EET 2025 - Connect to Database Option Selected
Wed Jan  8 03:03:58 PM EET 2025 - Connect to Database Option Executed
Wed Jan  8 03:03:58 PM EET 2025 - Main Menu Started
Wed Jan  8 03:04:11 PM EET 2025 - Connect to Database Option Selected
Wed Jan  8 04:17:10 PM EET 2025 - Connect to Database Option Executed
Wed Jan  8 04:17:10 PM EET 2025 - Main Menu Started
Wed Jan  8 04:21:13 PM EET 2025 - Main Menu Started
Wed Jan  8 04:21:20 PM EET 2025 - List Databases Option Selected
Wed Jan  8 04:21:21 PM EET 2025 - List Databases Option Executed
Wed Jan  8 04:21:21 PM EET 2025 - Main Menu Started
Wed Jan  8 04:21:24 PM EET 2025 - Connect to Database Option Selected
Wed Jan  8 04:21:25 PM EET 2025 - Connect to Database Option Executed
Wed Jan  8 04:21:25 PM EET 2025 - Main Menu Started
Wed Jan  8 04:21:27 PM EET 2025 - Create Database Option Selected
Wed Jan  8 04:21:29 PM EET 2025 - Create Database Option Executed
Wed Jan  8 04:21:29 PM EET 2025 - Main Menu Started
Wed Jan  8 04:21:31 PM EET 2025 - Drop Database Option Selected
Wed Jan  8 04:21:35 PM EET 2025 - Drop Database Option Executed
Wed Jan  8 04:21:35 PM EET 2025 - Main Menu Started
Wed Jan  8 04:22:24 PM EET 2025 - Drop Database Option Selected
Wed Jan  8 04:22:27 PM EET 2025 - Drop Database Option Executed
Wed Jan  8 04:22:27 PM EET 2025 - Main Menu Started
